2011-05-21 05:38:48 URL:http://profiles.friendster.com/10557258 [51312] -> "data/1/0/5/10557258/profile.html" [1]
2011-05-21 05:38:48 URL:http://photos-p.friendster.com/photos/85/27/10557258/37907211924755.jpg [4435/4435] -> "data/1/0/5/10557258/photos/85/27/10557258/37907211924755.jpg" [1]
2011-05-21 05:38:48 URL:http://www.friendster.com/viewalbums.php?uid=10557258&page=0 [28069] -> "data/1/0/5/10557258/albums_0.html" [1]
2011-05-21 05:38:49 URL:http://www.friendster.com/viewphotos.php?a=0&uid=10557258&page=0 [30181] -> "data/1/0/5/10557258/photos_0_0.html" [1]
2011-05-21 05:38:49 URL:http://photos-p.friendster.com/photos/85/27/10557258/17272594053483.jpg [37482/37482] -> "data/1/0/5/10557258/photos/85/27/10557258/17272594053483.jpg" [1]
2011-05-21 05:38:49 URL:http://photos-p.friendster.com/photos/85/27/10557258/17272611324759.jpg [14112/14112] -> "data/1/0/5/10557258/photos/85/27/10557258/17272611324759.jpg" [1]
2011-05-21 05:38:50 URL:http://photos-p.friendster.com/photos/85/27/10557258/18945394813799.jpg [12258/12258] -> "data/1/0/5/10557258/photos/85/27/10557258/18945394813799.jpg" [1]
2011-05-21 05:38:50 URL:http://photos-p.friendster.com/photos/85/27/10557258/18945422722746.jpg [13151/13151] -> "data/1/0/5/10557258/photos/85/27/10557258/18945422722746.jpg" [1]
2011-05-21 05:38:50 URL:http://photos-p.friendster.com/photos/85/27/10557258/18945450246511.jpg [8157/8157] -> "data/1/0/5/10557258/photos/85/27/10557258/18945450246511.jpg" [1]
2011-05-21 05:38:50 URL:http://photos-p.friendster.com/photos/85/27/10557258/18945504964910.jpg [14153/14153] -> "data/1/0/5/10557258/photos/85/27/10557258/18945504964910.jpg" [1]
2011-05-21 05:38:50 URL:http://photos-p.friendster.com/photos/85/27/10557258/18945559842106.jpg [13388/13388] -> "data/1/0/5/10557258/photos/85/27/10557258/18945559842106.jpg" [1]
2011-05-21 05:38:51 URL:http://photos-p.friendster.com/photos/85/27/10557258/18945591339218.jpg [14250/14250] -> "data/1/0/5/10557258/photos/85/27/10557258/18945591339218.jpg" [1]
2011-05-21 05:38:51 URL:http://photos-p.friendster.com/photos/85/27/10557258/18945618731306.jpg [14423/14423] -> "data/1/0/5/10557258/photos/85/27/10557258/18945618731306.jpg" [1]
2011-05-21 05:38:51 URL:http://photos-p.friendster.com/photos/85/27/10557258/18945652154080.jpg [14146/14146] -> "data/1/0/5/10557258/photos/85/27/10557258/18945652154080.jpg" [1]
2011-05-21 05:38:51 URL:http://photos-p.friendster.com/photos/85/27/10557258/18945699842517.jpg [38191/38191] -> "data/1/0/5/10557258/photos/85/27/10557258/18945699842517.jpg" [1]
2011-05-21 05:38:52 URL:http://www.friendster.com/friends.php?uid=10557258&page=0 [59283] -> "data/1/0/5/10557258/friends_0.html" [1]
2011-05-21 05:38:53 URL:http://www.friendster.com/friends.php?uid=10557258&page=1 [59129] -> "data/1/0/5/10557258/friends_1.html" [1]
2011-05-21 05:38:53 URL:http://www.friendster.com/friends.php?uid=10557258&page=2 [59479] -> "data/1/0/5/10557258/friends_2.html" [1]
2011-05-21 05:38:54 URL:http://www.friendster.com/friends.php?uid=10557258&page=3 [59173] -> "data/1/0/5/10557258/friends_3.html" [1]
2011-05-21 05:38:55 URL:http://www.friendster.com/friends.php?uid=10557258&page=4 [36608] -> "data/1/0/5/10557258/friends_4.html" [1]
2011-05-21 05:38:55 URL:http://www.friendster.com/friends.php?uid=10557258&page=0&action=spusers [25814] -> "data/1/0/5/10557258/inverse_friends_0.html" [1]
0 redirections exceeded.
0 redirections exceeded.
2011-05-21 05:38:56 URL:http://www.friendster.com/comments.php?uid=10557258&page=0 [34856] -> "data/1/0/5/10557258/comments_0.html" [1]
2011-05-21 05:38:57 URL:http://www.friendster.com/comments.php?uid=10557258&page=1 [32597] -> "data/1/0/5/10557258/comments_1.html" [1]
2011-05-21 05:38:57 URL:http://www.friendster.com/shoutoutstream.php?uid=10557258&page=1 [28506] -> "data/1/0/5/10557258/shoutout_1.html" [1]
2011-05-21 05:38:58 URL:http://profiles.friendster.com/modules/module.php?uid=10557258&_pmr=&_pmmo=13 [52] -> "data/1/0/5/10557258/module_13.html" [1]
